<?xml version="1.0" encoding="UTF-8"?>
<testsuite name="com.atguigu.springboot02config02.SpringBoot02Config02ApplicationTests" time="0.039" tests="1" errors="0" skipped="0" failures="0">
  <properties>
    <property name="idea.version" value="2018.1.1"/>
    <property name="java.runtime.name" value="Java(TM) SE Runtime Environment"/>
    <property name="sun.boot.library.path" value="D:\devenvironment\Java\jdk1.8.0_211\jre\bin"/>
    <property name="java.vm.version" value="25.211-b12"/>
    <property name="java.vm.vendor" value="Oracle Corporation"/>
    <property name="maven.multiModuleProjectDirectory" value="D:\workspaceForIdea\sprintboottrain\spring-boot-02-config-02"/>
    <property name="java.vendor.url" value="http://java.oracle.com/"/>
    <property name="path.separator" value=";"/>
    <property name="guice.disable.misplaced.annotation.check" value="true"/>
    <property name="java.vm.name" value="Java HotSpot(TM) 64-Bit Server VM"/>
    <property name="file.encoding.pkg" value="sun.io"/>
    <property name="user.script" value=""/>
    <property name="user.country" value="CN"/>
    <property name="sun.java.launcher" value="SUN_STANDARD"/>
    <property name="sun.os.patch.level" value=""/>
    <property name="java.vm.specification.name" value="Java Virtual Machine Specification"/>
    <property name="user.dir" value="D:\workspaceForIdea\sprintboottrain\spring-boot-02-config-02"/>
    <property name="java.runtime.version" value="1.8.0_211-b12"/>
    <property name="java.awt.graphicsenv" value="sun.awt.Win32GraphicsEnvironment"/>
    <property name="java.endorsed.dirs" value="D:\devenvironment\Java\jdk1.8.0_211\jre\lib\endorsed"/>
    <property name="os.arch" value="amd64"/>
    <property name="java.io.tmpdir" value="C:\Users\ADMINI~1\AppData\Local\Temp\"/>
    <property name="line.separator" value="&#10;"/>
    <property name="java.vm.specification.vendor" value="Oracle Corporation"/>
    <property name="user.variant" value=""/>
    <property name="os.name" value="Windows 10"/>
    <property name="classworlds.conf" value="D:\programfiles\JetBrains\idea 2018\plugins\maven\lib\maven3\bin\m2.conf"/>
    <property name="sun.jnu.encoding" value="GBK"/>
    <property name="java.library.path" value="D:\devenvironment\Java\jdk1.8.0_211\bin;C:\Windows\Sun\Java\bin;C:\Windows\system32;C:\Windows;C:\Program Files (x86)\Common Files\Oracle\Java\javapath;C:\Windows\system32;C:\Windows;C:\Windows\System32\Wbem;C:\Windows\System32\WindowsPowerShell\v1.0\;D:\devenvironment\Java\jdk1.7.0_80\bin;D:\devenvironment\Java\jdk1.7.0_80\jre\bin;D:\devenvironment\nodejs\;D:\programfiles\Microsoft VS Code\bin;C:\Program Files\TortoiseSVN\bin;D:\programfiles\Git\cmd;D:\programfiles\TortoiseGit\bin;C:\Users\Administrator\AppData\Local\Microsoft\WindowsApps;;D:\programfiles\Microsoft VS Code\bin;C:\Users\Administrator\AppData\Roaming\npm;D:\programfiles\JetBrains\IntelliJ IDEA 2019.1\bin;;."/>
    <property name="java.specification.name" value="Java Platform API Specification"/>
    <property name="java.class.version" value="52.0"/>
    <property name="sun.management.compiler" value="HotSpot 64-Bit Tiered Compilers"/>
    <property name="maven.repo.local" value="C:\Users\Administrator\.m2\repository"/>
    <property name="os.version" value="10.0"/>
    <property name="user.home" value="C:\Users\Administrator"/>
    <property name="user.timezone" value="Asia/Shanghai"/>
    <property name="java.awt.printerjob" value="sun.awt.windows.WPrinterJob"/>
    <property name="java.specification.version" value="1.8"/>
    <property name="file.encoding" value="UTF-8"/>
    <property name="user.name" value="Administrator"/>
    <property name="java.class.path" value="D:\programfiles\JetBrains\idea 2018\plugins\maven\lib\maven3\boot\plexus-classworlds-2.5.2.jar;D:\programfiles\JetBrains\idea 2018\lib\idea_rt.jar"/>
    <property name="java.vm.specification.version" value="1.8"/>
    <property name="sun.arch.data.model" value="64"/>
    <property name="java.home" value="D:\devenvironment\Java\jdk1.8.0_211\jre"/>
    <property name="sun.java.command" value="org.codehaus.classworlds.Launcher -Didea.version=2018.1.1 -s C:\Users\Administrator\.m2\settings.xml -Dmaven.repo.local=C:\Users\Administrator\.m2\repository package -f pom.xml"/>
    <property name="java.specification.vendor" value="Oracle Corporation"/>
    <property name="user.language" value="zh"/>
    <property name="awt.toolkit" value="sun.awt.windows.WToolkit"/>
    <property name="java.vm.info" value="mixed mode"/>
    <property name="java.version" value="1.8.0_211"/>
    <property name="java.ext.dirs" value="D:\devenvironment\Java\jdk1.8.0_211\jre\lib\ext;C:\Windows\Sun\Java\lib\ext"/>
    <property name="sun.boot.class.path" value="D:\devenvironment\Java\jdk1.8.0_211\jre\lib\resources.jar;D:\devenvironment\Java\jdk1.8.0_211\jre\lib\rt.jar;D:\devenvironment\Java\jdk1.8.0_211\jre\lib\sunrsasign.jar;D:\devenvironment\Java\jdk1.8.0_211\jre\lib\jsse.jar;D:\devenvironment\Java\jdk1.8.0_211\jre\lib\jce.jar;D:\devenvironment\Java\jdk1.8.0_211\jre\lib\charsets.jar;D:\devenvironment\Java\jdk1.8.0_211\jre\lib\jfr.jar;D:\devenvironment\Java\jdk1.8.0_211\jre\classes"/>
    <property name="java.vendor" value="Oracle Corporation"/>
    <property name="maven.home" value="D:\programfiles\JetBrains\idea 2018\plugins\maven\lib\maven3"/>
    <property name="file.separator" value="\"/>
    <property name="java.vendor.url.bug" value="http://bugreport.sun.com/bugreport/"/>
    <property name="sun.cpu.endian" value="little"/>
    <property name="sun.io.unicode.encoding" value="UnicodeLittle"/>
    <property name="sun.desktop" value="windows"/>
    <property name="sun.cpu.isalist" value="amd64"/>
  </properties>
  <testcase name="contextLoads" classname="com.atguigu.springboot02config02.SpringBoot02Config02ApplicationTests" time="0.039"/>
</testsuite>